# JRE version: 7.0_21-b11
# Java VM: Java HotSpot(TM) Server VM (23.21-b01 mixed mode linux-x86 )
Heap
 PSYoungGen      total 382976K, used 52191K [0x985a0000, 0xb3840000, 0xb3840000)
  eden space 323584K, 2% used [0x985a0000,0x98d8a760,0xac1a0000)
  from space 59392K, 74% used [0xac1a0000,0xaecad530,0xafba0000)
  to   space 61056K, 0% used [0xafca0000,0xafca0000,0xb3840000)
 ParOldGen       total 889536K, used 835963K [0x62040000, 0x984f0000, 0x985a0000)
  object space 889536K, 93% used [0x62040000,0x9509ed08,0x984f0000)
 PSPermGen       total 64512K, used 64398K [0x52040000, 0x55f40000, 0x62040000)
  object space 64512K, 99% used [0x52040000,0x55f23988,0x55f40000)
GC Heap History (10 events):
Event: 43.532 GC heap before
{Heap before GC invocations=36 (full 1):
 PSYoungGen      total 380032K, used 357423K [0x985a0000, 0xb3840000, 0xb3840000)
  eden space 315520K, 100% used [0x985a0000,0xab9c0000,0xab9c0000)
  from space 64512K, 64% used [0xaf8f0000,0xb21dbe30,0xb37f0000)
  to   space 64704K, 0% used [0xab9c0000,0xab9c0000,0xaf8f0000)
 ParOldGen       total 889536K, used 716866K [0x62040000, 0x984f0000, 0x985a0000)
  object space 889536K, 80% used [0x62040000,0x8dc509b0,0x984f0000)
 PSPermGen       total 38656K, used 38536K [0x52040000, 0x54600000, 0x62040000)
  object space 38656K, 99% used [0x52040000,0x545e2040,0x54600000)
Event: 43.589 GC heap after
Heap after GC invocations=36 (full 1):
 PSYoungGen      total 380224K, used 26508K [0x985a0000, 0xb37f0000, 0xb3840000)
  eden space 315520K, 0% used [0x985a0000,0x985a0000,0xab9c0000)
  from space 64704K, 40% used [0xab9c0000,0xad3a33b8,0xaf8f0000)
  to   space 62848K, 0% used [0xafa90000,0xafa90000,0xb37f0000)
 ParOldGen       total 889536K, used 741596K [0x62040000, 0x984f0000, 0x985a0000)
  object space 889536K, 83% used [0x62040000,0x8f4772a8,0x984f0000)
 PSPermGen       total 38656K, used 38536K [0x52040000, 0x54600000, 0x62040000)
  object space 38656K, 99% used [0x52040000,0x545e2040,0x54600000)
}
Event: 47.109 GC heap before
{Heap before GC invocations=37 (full 1):
 PSYoungGen      total 380224K, used 342028K [0x985a0000, 0xb37f0000, 0xb3840000)
  eden space 315520K, 100% used [0x985a0000,0xab9c0000,0xab9c0000)
  from space 64704K, 40% used [0xab9c0000,0xad3a33b8,0xaf8f0000)
  to   space 62848K, 0% used [0xafa90000,0xafa90000,0xb37f0000)
 ParOldGen       total 889536K, used 741596K [0x62040000, 0x984f0000, 0x985a0000)
  object space 889536K, 83% used [0x62040000,0x8f4772a8,0x984f0000)
 PSPermGen       total 47872K, used 47860K [0x52040000, 0x54f00000, 0x62040000)
  object space 47872K, 99% used [0x52040000,0x54efd0d0,0x54f00000)
Event: 47.179 GC heap after
Heap after GC invocations=37 (full 1):
 PSYoungGen      total 382336K, used 39991K [0x985a0000, 0xb37f0000, 0xb3840000)
  eden space 319488K, 0% used [0x985a0000,0x985a0000,0xabda0000)
  from space 62848K, 63% used [0xafa90000,0xb219df10,0xb37f0000)
  to   space 62400K, 0% used [0xabda0000,0xabda0000,0xafa90000)
 ParOldGen       total 889536K, used 763569K [0x62040000, 0x984f0000, 0x985a0000)
  object space 889536K, 85% used [0x62040000,0x909ec440,0x984f0000)
 PSPermGen       total 47872K, used 47860K [0x52040000, 0x54f00000, 0x62040000)
  object space 47872K, 99% used [0x52040000,0x54efd0d0,0x54f00000)
}
Event: 49.496 GC heap before
{Heap before GC invocations=38 (full 1):
 PSYoungGen      total 382336K, used 359479K [0x985a0000, 0xb37f0000, 0xb3840000)
  eden space 319488K, 100% used [0x985a0000,0xabda0000,0xabda0000)
  from space 62848K, 63% used [0xafa90000,0xb219df10,0xb37f0000)
  to   space 62400K, 0% used [0xabda0000,0xabda0000,0xafa90000)
 ParOldGen       total 889536K, used 763569K [0x62040000, 0x984f0000, 0x985a0000)
  object space 889536K, 85% used [0x62040000,0x909ec440,0x984f0000)
 PSPermGen       total 51072K, used 51065K [0x52040000, 0x55220000, 0x62040000)
  object space 51072K, 99% used [0x52040000,0x5521e610,0x55220000)
Event: 49.558 GC heap after
Heap after GC invocations=38 (full 1):
 PSYoungGen      total 381888K, used 20862K [0x985a0000, 0xb37f0000, 0xb3840000)
  eden space 319488K, 0% used [0x985a0000,0x985a0000,0xabda0000)
  from space 62400K, 33% used [0xabda0000,0xad1ff838,0xafa90000)
  to   space 61760K, 0% used [0xafba0000,0xafba0000,0xb37f0000)
 ParOldGen       total 889536K, used 796146K [0x62040000, 0x984f0000, 0x985a0000)
  object space 889536K, 89% used [0x62040000,0x929bcb18,0x984f0000)
 PSPermGen       total 51072K, used 51065K [0x52040000, 0x55220000, 0x62040000)
  object space 51072K, 99% used [0x52040000,0x5521e610,0x55220000)
}
Event: 52.365 GC heap before
{Heap before GC invocations=39 (full 1):
 PSYoungGen      total 381888K, used 340350K [0x985a0000, 0xb37f0000, 0xb3840000)
  eden space 319488K, 100% used [0x985a0000,0xabda0000,0xabda0000)
  from space 62400K, 33% used [0xabda0000,0xad1ff838,0xafa90000)
  to   space 61760K, 0% used [0xafba0000,0xafba0000,0xb37f0000)
 ParOldGen       total 889536K, used 796146K [0x62040000, 0x984f0000, 0x985a0000)
  object space 889536K, 89% used [0x62040000,0x929bcb18,0x984f0000)
 PSPermGen       total 54528K, used 54434K [0x52040000, 0x55580000, 0x62040000)
  object space 54528K, 99% used [0x52040000,0x55568b98,0x55580000)
Event: 52.434 GC heap after
Heap after GC invocations=39 (full 1):
 PSYoungGen      total 385344K, used 29185K [0x985a0000, 0xb37f0000, 0xb3840000)
  eden space 323584K, 0% used [0x985a0000,0x985a0000,0xac1a0000)
  from space 61760K, 47% used [0xafba0000,0xb1820560,0xb37f0000)
  to   space 59392K, 0% used [0xac1a0000,0xac1a0000,0xafba0000)
 ParOldGen       total 889536K, used 812645K [0x62040000, 0x984f0000, 0x985a0000)
  object space 889536K, 91% used [0x62040000,0x939d94d0,0x984f0000)
 PSPermGen       total 54528K, used 54434K [0x52040000, 0x55580000, 0x62040000)
  object space 54528K, 99% used [0x52040000,0x55568b98,0x55580000)
}
Event: 60.354 GC heap before
{Heap before GC invocations=40 (full 1):
 PSYoungGen      total 385344K, used 352769K [0x985a0000, 0xb37f0000, 0xb3840000)
  eden space 323584K, 100% used [0x985a0000,0xac1a0000,0xac1a0000)
  from space 61760K, 47% used [0xafba0000,0xb1820560,0xb37f0000)
  to   space 59392K, 0% used [0xac1a0000,0xac1a0000,0xafba0000)
 ParOldGen       total 889536K, used 812645K [0x62040000, 0x984f0000, 0x985a0000)
  object space 889536K, 91% used [0x62040000,0x939d94d0,0x984f0000)
 PSPermGen       total 64384K, used 64370K [0x52040000, 0x55f20000, 0x62040000)
  object space 64384K, 99% used [0x52040000,0x55f1cb30,0x55f20000)
Event: 60.437 GC heap after
Heap after GC invocations=40 (full 1):
 PSYoungGen      total 382976K, used 44085K [0x985a0000, 0xb3840000, 0xb3840000)
  eden space 323584K, 0% used [0x985a0000,0x985a0000,0xac1a0000)
  from space 59392K, 74% used [0xac1a0000,0xaecad530,0xafba0000)
  to   space 61056K, 0% used [0xafca0000,0xafca0000,0xb3840000)
 ParOldGen       total 889536K, used 835963K [0x62040000, 0x984f0000, 0x985a0000)
  object space 889536K, 93% used [0x62040000,0x9509ed08,0x984f0000)
 PSPermGen       total 64384K, used 64370K [0x52040000, 0x55f20000, 0x62040000)
  object space 64384K, 99% used [0x52040000,0x55f1cb30,0x55f20000)
}

