# JRE version: 7.0_15-b03
# Java VM: Java HotSpot(TM) 64-Bit Server VM (23.7-b01 mixed mode linux-amd64 compressed oops)
Heap
 PSYoungGen      total 133184K, used 117601K [0x00000007c0000000, 0x00000007c9ea0000, 0x0000000800000000)
  eden space 130368K, 88% used [0x00000007c0000000,0x00000007c7020770,0x00000007c7f50000)
  from space 2816K, 98% used [0x00000007c97e0000,0x00000007c9a98000,0x00000007c9aa0000)
  to   space 4096K, 0% used [0x00000007c9aa0000,0x00000007c9aa0000,0x00000007c9ea0000)
 ParOldGen       total 262144K, used 198626K [0x0000000740000000, 0x0000000750000000, 0x00000007c0000000)
  object space 262144K, 75% used [0x0000000740000000,0x000000074c1f8b50,0x0000000750000000)
 PSPermGen       total 104576K, used 104449K [0x0000000730000000, 0x0000000736620000, 0x0000000740000000)
  object space 104576K, 99% used [0x0000000730000000,0x0000000736600490,0x0000000736620000)
GC Heap History (10 events):
Event: 2717.957 GC heap before
{Heap before GC invocations=127 (full 0):
 PSYoungGen      total 152064K, used 152064K [0x00000007c0000000, 0x00000007ca420000, 0x0000000800000000)
  eden space 151296K, 100% used [0x00000007c0000000,0x00000007c93c0000,0x00000007c93c0000)
  from space 768K, 100% used [0x00000007ca360000,0x00000007ca420000,0x00000007ca420000)
  to   space 3584K, 0% used [0x00000007c9d20000,0x00000007c9d20000,0x00000007ca0a0000)
 ParOldGen       total 262144K, used 195092K [0x0000000740000000, 0x0000000750000000, 0x00000007c0000000)
  object space 262144K, 74% used [0x0000000740000000,0x000000074be851b0,0x0000000750000000)
 PSPermGen       total 104384K, used 104270K [0x0000000730000000, 0x00000007365f0000, 0x0000000740000000)
  object space 104384K, 99% used [0x0000000730000000,0x00000007365d38c0,0x00000007365f0000)
Event: 2717.979 GC heap after
Heap after GC invocations=127 (full 0):
 PSYoungGen      total 148736K, used 1984K [0x00000007c0000000, 0x00000007ca370000, 0x0000000800000000)
  eden space 146752K, 0% used [0x00000007c0000000,0x00000007c0000000,0x00000007c8f50000)
  from space 1984K, 100% used [0x00000007c9d20000,0x00000007c9f10000,0x00000007c9f10000)
  to   space 3456K, 0% used [0x00000007ca010000,0x00000007ca010000,0x00000007ca370000)
 ParOldGen       total 262144K, used 195364K [0x0000000740000000, 0x0000000750000000, 0x00000007c0000000)
  object space 262144K, 74% used [0x0000000740000000,0x000000074bec91b0,0x0000000750000000)
 PSPermGen       total 104384K, used 104270K [0x0000000730000000, 0x00000007365f0000, 0x0000000740000000)
  object space 104384K, 99% used [0x0000000730000000,0x00000007365d38c0,0x00000007365f0000)
}
Event: 2735.497 GC heap before
{Heap before GC invocations=128 (full 0):
 PSYoungGen      total 148736K, used 148736K [0x00000007c0000000, 0x00000007ca370000, 0x0000000800000000)
  eden space 146752K, 100% used [0x00000007c0000000,0x00000007c8f50000,0x00000007c8f50000)
  from space 1984K, 100% used [0x00000007c9d20000,0x00000007c9f10000,0x00000007c9f10000)
  to   space 3456K, 0% used [0x00000007ca010000,0x00000007ca010000,0x00000007ca370000)
 ParOldGen       total 262144K, used 195364K [0x0000000740000000, 0x0000000750000000, 0x00000007c0000000)
  object space 262144K, 74% used [0x0000000740000000,0x000000074bec91b0,0x0000000750000000)
 PSPermGen       total 104384K, used 104312K [0x0000000730000000, 0x00000007365f0000, 0x0000000740000000)
  object space 104384K, 99% used [0x0000000730000000,0x00000007365de340,0x00000007365f0000)
Event: 2735.527 GC heap after
Heap after GC invocations=128 (full 0):
 PSYoungGen      total 145024K, used 2592K [0x00000007c0000000, 0x00000007ca2a0000, 0x0000000800000000)
  eden space 142400K, 0% used [0x00000007c0000000,0x00000007c0000000,0x00000007c8b10000)
  from space 2624K, 98% used [0x00000007ca010000,0x00000007ca298000,0x00000007ca2a0000)
  to   space 3520K, 0% used [0x00000007c9bc0000,0x00000007c9bc0000,0x00000007c9f30000)
 ParOldGen       total 262144K, used 195612K [0x0000000740000000, 0x0000000750000000, 0x00000007c0000000)
  object space 262144K, 74% used [0x0000000740000000,0x000000074bf071b0,0x0000000750000000)
 PSPermGen       total 104384K, used 104312K [0x0000000730000000, 0x00000007365f0000, 0x0000000740000000)
  object space 104384K, 99% used [0x0000000730000000,0x00000007365de340,0x00000007365f0000)
}
Event: 2751.961 GC heap before
{Heap before GC invocations=129 (full 0):
 PSYoungGen      total 145024K, used 144992K [0x00000007c0000000, 0x00000007ca2a0000, 0x0000000800000000)
  eden space 142400K, 100% used [0x00000007c0000000,0x00000007c8b10000,0x00000007c8b10000)
  from space 2624K, 98% used [0x00000007ca010000,0x00000007ca298000,0x00000007ca2a0000)
  to   space 3520K, 0% used [0x00000007c9bc0000,0x00000007c9bc0000,0x00000007c9f30000)
 ParOldGen       total 262144K, used 195612K [0x0000000740000000, 0x0000000750000000, 0x00000007c0000000)
  object space 262144K, 74% used [0x0000000740000000,0x000000074bf071b0,0x0000000750000000)
 PSPermGen       total 104384K, used 104353K [0x0000000730000000, 0x00000007365f0000, 0x0000000740000000)
  object space 104384K, 99% used [0x0000000730000000,0x00000007365e8750,0x00000007365f0000)
Event: 2751.985 GC heap after
Heap after GC invocations=129 (full 0):
 PSYoungGen      total 141120K, used 2880K [0x00000007c0000000, 0x00000007ca020000, 0x0000000800000000)
  eden space 138240K, 0% used [0x00000007c0000000,0x00000007c0000000,0x00000007c8700000)
  from space 2880K, 100% used [0x00000007c9bc0000,0x00000007c9e90000,0x00000007c9e90000)
  to   space 1600K, 0% used [0x00000007c9e90000,0x00000007c9e90000,0x00000007ca020000)
 ParOldGen       total 262144K, used 195844K [0x0000000740000000, 0x0000000750000000, 0x00000007c0000000)
  object space 262144K, 74% used [0x0000000740000000,0x000000074bf411b0,0x0000000750000000)
 PSPermGen       total 104384K, used 104353K [0x0000000730000000, 0x00000007365f0000, 0x0000000740000000)
  object space 104384K, 99% used [0x0000000730000000,0x00000007365e8750,0x00000007365f0000)
}
Event: 2785.965 GC heap before
{Heap before GC invocations=130 (full 0):
 PSYoungGen      total 141120K, used 141120K [0x00000007c0000000, 0x00000007ca020000, 0x0000000800000000)
  eden space 138240K, 100% used [0x00000007c0000000,0x00000007c8700000,0x00000007c8700000)
  from space 2880K, 100% used [0x00000007c9bc0000,0x00000007c9e90000,0x00000007c9e90000)
  to   space 1600K, 0% used [0x00000007c9e90000,0x00000007c9e90000,0x00000007ca020000)
 ParOldGen       total 262144K, used 195844K [0x0000000740000000, 0x0000000750000000, 0x00000007c0000000)
  object space 262144K, 74% used [0x0000000740000000,0x000000074bf411b0,0x0000000750000000)
 PSPermGen       total 104384K, used 104375K [0x0000000730000000, 0x00000007365f0000, 0x0000000740000000)
  object space 104384K, 99% used [0x0000000730000000,0x00000007365edf80,0x00000007365f0000)
Event: 2785.992 GC heap after
Heap after GC invocations=130 (full 0):
 PSYoungGen      total 135808K, used 1600K [0x00000007c0000000, 0x00000007ca020000, 0x0000000800000000)
  eden space 134208K, 0% used [0x00000007c0000000,0x00000007c0000000,0x00000007c8310000)
  from space 1600K, 100% used [0x00000007c9e90000,0x00000007ca020000,0x00000007ca020000)
  to   space 4224K, 0% used [0x00000007c97e0000,0x00000007c97e0000,0x00000007c9c00000)
 ParOldGen       total 262144K, used 198474K [0x0000000740000000, 0x0000000750000000, 0x00000007c0000000)
  object space 262144K, 75% used [0x0000000740000000,0x000000074c1d2b50,0x0000000750000000)
 PSPermGen       total 104384K, used 104375K [0x0000000730000000, 0x00000007365f0000, 0x0000000740000000)
  object space 104384K, 99% used [0x0000000730000000,0x00000007365edf80,0x00000007365f0000)
}
Event: 2803.733 GC heap before
{Heap before GC invocations=131 (full 0):
 PSYoungGen      total 135808K, used 135808K [0x00000007c0000000, 0x00000007ca020000, 0x0000000800000000)
  eden space 134208K, 100% used [0x00000007c0000000,0x00000007c8310000,0x00000007c8310000)
  from space 1600K, 100% used [0x00000007c9e90000,0x00000007ca020000,0x00000007ca020000)
  to   space 4224K, 0% used [0x00000007c97e0000,0x00000007c97e0000,0x00000007c9c00000)
 ParOldGen       total 262144K, used 198474K [0x0000000740000000, 0x0000000750000000, 0x00000007c0000000)
  object space 262144K, 75% used [0x0000000740000000,0x000000074c1d2b50,0x0000000750000000)
 PSPermGen       total 104576K, used 104408K [0x0000000730000000, 0x0000000736620000, 0x0000000740000000)
  object space 104576K, 99% used [0x0000000730000000,0x00000007365f6170,0x0000000736620000)
Event: 2803.757 GC heap after
Heap after GC invocations=131 (full 0):
 PSYoungGen      total 133184K, used 2784K [0x00000007c0000000, 0x00000007c9ea0000, 0x0000000800000000)
  eden space 130368K, 0% used [0x00000007c0000000,0x00000007c0000000,0x00000007c7f50000)
  from space 2816K, 98% used [0x00000007c97e0000,0x00000007c9a98000,0x00000007c9aa0000)
  to   space 4096K, 0% used [0x00000007c9aa0000,0x00000007c9aa0000,0x00000007c9ea0000)
 ParOldGen       total 262144K, used 198626K [0x0000000740000000, 0x0000000750000000, 0x00000007c0000000)
  object space 262144K, 75% used [0x0000000740000000,0x000000074c1f8b50,0x0000000750000000)
 PSPermGen       total 104576K, used 104408K [0x0000000730000000, 0x0000000736620000, 0x0000000740000000)
  object space 104576K, 99% used [0x0000000730000000,0x00000007365f6170,0x0000000736620000)
}

